11:08:10 DEBUG : Logs will be stored at 'C:/Users/Mwehler2/385/ece385-lab6/lab6/sdk/IDE.log'.
11:08:13 INFO  : Launching XSCT server: xsct.bat -n  -interactive C:\Users\Mwehler2\385\ece385-lab6\lab6\sdk\temp_xsdb_launch_script.tcl
11:08:13 INFO  : Registering command handlers for Vitis TCF services
11:08:14 INFO  : Platform repository initialization has completed.
11:08:17 INFO  : XSCT server has started successfully.
11:08:17 INFO  : Successfully done setting XSCT server connection channel  
11:08:17 INFO  : plnx-install-location is set to ''
11:08:21 INFO  : Successfully done setting workspace for the tool. 
11:08:21 INFO  : Successfully done query RDI_DATADIR 
11:13:35 INFO  : Result from executing command 'getProjects': mb_intro_top
11:13:35 INFO  : Result from executing command 'getPlatforms': xilinx_vck190_base_202220_1|C:/Xilinx/Vitis/2022.2/base_platforms/xilinx_vck190_base_202220_1/xilinx_vck190_base_202220_1.xpfm;xilinx_vck190_base_dfx_202220_1|C:/Xilinx/Vitis/2022.2/base_platforms/xilinx_vck190_base_dfx_202220_1/xilinx_vck190_base_dfx_202220_1.xpfm;xilinx_vmk180_base_202220_1|C:/Xilinx/Vitis/2022.2/base_platforms/xilinx_vmk180_base_202220_1/xilinx_vmk180_base_202220_1.xpfm;xilinx_zcu102_base_202220_1|C:/Xilinx/Vitis/2022.2/base_platforms/xilinx_zcu102_base_202220_1/xilinx_zcu102_base_202220_1.xpfm;xilinx_zcu102_base_dfx_202220_1|C:/Xilinx/Vitis/2022.2/base_platforms/xilinx_zcu102_base_dfx_202220_1/xilinx_zcu102_base_dfx_202220_1.xpfm;xilinx_zcu104_base_202220_1|C:/Xilinx/Vitis/2022.2/base_platforms/xilinx_zcu104_base_202220_1/xilinx_zcu104_base_202220_1.xpfm
11:13:36 WARN  : An unexpected exception occurred in the module 'platform project logging'
11:13:37 INFO  : Platform 'mb_intro_top' is added to custom repositories.
11:13:41 INFO  : Platform 'mb_intro_top' is added to custom repositories.
11:21:56 DEBUG : Logs will be stored at 'C:/Users/Mwehler2/385/ece385-lab6/lab6/sdk/IDE.log'.
11:21:57 INFO  : Launching XSCT server: xsct.bat -n  -interactive C:\Users\Mwehler2\385\ece385-lab6\lab6\sdk\temp_xsdb_launch_script.tcl
11:22:00 INFO  : Registering command handlers for Vitis TCF services
11:22:00 INFO  : XSCT server has started successfully.
11:22:00 INFO  : plnx-install-location is set to ''
11:22:00 INFO  : Successfully done setting XSCT server connection channel  
11:22:00 INFO  : Successfully done setting workspace for the tool. 
11:22:00 INFO  : Successfully done query RDI_DATADIR 
11:22:00 INFO  : Platform repository initialization has completed.
11:22:40 INFO  : Result from executing command 'getProjects': mb_intro_top
11:22:40 INFO  : Result from executing command 'getPlatforms': mb_intro_top|C:/Users/Mwehler2/385/ece385-lab6/lab6/sdk/mb_intro_top/export/mb_intro_top/mb_intro_top.xpfm;xilinx_vck190_base_202220_1|C:/Xilinx/Vitis/2022.2/base_platforms/xilinx_vck190_base_202220_1/xilinx_vck190_base_202220_1.xpfm;xilinx_vck190_base_dfx_202220_1|C:/Xilinx/Vitis/2022.2/base_platforms/xilinx_vck190_base_dfx_202220_1/xilinx_vck190_base_dfx_202220_1.xpfm;xilinx_vmk180_base_202220_1|C:/Xilinx/Vitis/2022.2/base_platforms/xilinx_vmk180_base_202220_1/xilinx_vmk180_base_202220_1.xpfm;xilinx_zcu102_base_202220_1|C:/Xilinx/Vitis/2022.2/base_platforms/xilinx_zcu102_base_202220_1/xilinx_zcu102_base_202220_1.xpfm;xilinx_zcu102_base_dfx_202220_1|C:/Xilinx/Vitis/2022.2/base_platforms/xilinx_zcu102_base_dfx_202220_1/xilinx_zcu102_base_dfx_202220_1.xpfm;xilinx_zcu104_base_202220_1|C:/Xilinx/Vitis/2022.2/base_platforms/xilinx_zcu104_base_202220_1/xilinx_zcu104_base_202220_1.xpfm
11:22:40 INFO  : Checking for BSP changes to sync application flags for project 'blinker'...
11:24:15 INFO  : Connected to target on host '127.0.0.1' and port '3121'.
11:24:16 INFO  : Jtag cable 'RealDigital Boo 887100000001A' is selected.
11:24:16 INFO  : 'jtag frequency' command is executed.
11:24:16 INFO  : 'targets -set -filter {jtag_cable_name =~ "RealDigital Boo 887100000001A" && level==0 && jtag_device_ctx=="jsn1-0362f093-0"}' command is executed.
11:24:17 INFO  : Device configured successfully with "C:/Users/Mwehler2/385/ece385-lab6/lab6/sdk/blinker/_ide/bitstream/mb_intro_top.bit"
11:24:17 INFO  : Context for processor 'microblaze_0' is selected.
11:24:17 INFO  : Hardware design and registers information is loaded from 'C:/Users/Mwehler2/385/ece385-lab6/lab6/sdk/mb_intro_top/export/mb_intro_top/hw/mb_intro_top.xsa'.
11:24:17 INFO  : 'configparams mdm-detect-bscan-mask 2' command is executed.
11:24:17 INFO  : Context for processor 'microblaze_0' is selected.
11:24:17 INFO  : System reset is completed.
11:24:20 INFO  : 'after 3000' command is executed.
11:24:21 INFO  : Context for processor 'microblaze_0' is selected.
11:24:21 ERROR : Cannot stop MicroBlaze. MicroBlaze is held in reset
11:24:21 INFO  : ----------------XSDB Script----------------
connect -url tcp:127.0.0.1:3121
targets -set -filter {jtag_cable_name =~ "RealDigital Boo 887100000001A" && level==0 && jtag_device_ctx=="jsn1-0362f093-0"}
fpga -file C:/Users/Mwehler2/385/ece385-lab6/lab6/sdk/blinker/_ide/bitstream/mb_intro_top.bit
targets -set -nocase -filter {name =~ "*microblaze*#0" && bscan=="USER2" }
loadhw -hw C:/Users/Mwehler2/385/ece385-lab6/lab6/sdk/mb_intro_top/export/mb_intro_top/hw/mb_intro_top.xsa -regs
configparams mdm-detect-bscan-mask 2
targets -set -nocase -filter {name =~ "*microblaze*#0" && bscan=="USER2" }
rst -system
after 3000
targets -set -nocase -filter {name =~ "*microblaze*#0" && bscan=="USER2" }
dow C:/Users/Mwehler2/385/ece385-lab6/lab6/sdk/blinker/Debug/blinker.elf
----------------End of Script----------------

11:24:21 ERROR : Cannot stop MicroBlaze. MicroBlaze is held in reset
11:33:39 INFO  : Hardware specification for platform project 'mb_intro_top' is updated.
11:34:33 INFO  : Connected to target on host '127.0.0.1' and port '3121'.
11:34:33 INFO  : Jtag cable 'RealDigital Boo 887100000001A' is selected.
11:34:33 INFO  : 'jtag frequency' command is executed.
11:34:33 INFO  : 'targets -set -filter {jtag_cable_name =~ "RealDigital Boo 887100000001A" && level==0 && jtag_device_ctx=="jsn1-0362f093-0"}' command is executed.
11:34:34 INFO  : Device configured successfully with "C:/Users/Mwehler2/385/ece385-lab6/lab6/sdk/blinker/_ide/bitstream/mb_intro_top.bit"
11:34:34 INFO  : Context for processor 'microblaze_0' is selected.
11:34:34 INFO  : Hardware design and registers information is loaded from 'C:/Users/Mwehler2/385/ece385-lab6/lab6/sdk/mb_intro_top/export/mb_intro_top/hw/mb_intro_top.xsa'.
11:34:34 INFO  : 'configparams mdm-detect-bscan-mask 2' command is executed.
11:34:34 INFO  : Context for processor 'microblaze_0' is selected.
11:34:34 INFO  : System reset is completed.
11:34:37 INFO  : 'after 3000' command is executed.
11:34:37 INFO  : Context for processor 'microblaze_0' is selected.
11:34:37 ERROR : Cannot stop MicroBlaze. MicroBlaze is held in reset
11:34:37 INFO  : ----------------XSDB Script----------------
connect -url tcp:127.0.0.1:3121
targets -set -filter {jtag_cable_name =~ "RealDigital Boo 887100000001A" && level==0 && jtag_device_ctx=="jsn1-0362f093-0"}
fpga -file C:/Users/Mwehler2/385/ece385-lab6/lab6/sdk/blinker/_ide/bitstream/mb_intro_top.bit
targets -set -nocase -filter {name =~ "*microblaze*#0" && bscan=="USER2" }
loadhw -hw C:/Users/Mwehler2/385/ece385-lab6/lab6/sdk/mb_intro_top/export/mb_intro_top/hw/mb_intro_top.xsa -regs
configparams mdm-detect-bscan-mask 2
targets -set -nocase -filter {name =~ "*microblaze*#0" && bscan=="USER2" }
rst -system
after 3000
targets -set -nocase -filter {name =~ "*microblaze*#0" && bscan=="USER2" }
dow C:/Users/Mwehler2/385/ece385-lab6/lab6/sdk/blinker/Debug/blinker.elf
----------------End of Script----------------

11:34:37 ERROR : Cannot stop MicroBlaze. MicroBlaze is held in reset
11:35:07 INFO  : Result from executing command 'getProjects': mb_intro_top
11:35:07 INFO  : Result from executing command 'getPlatforms': mb_intro_top|C:/Users/Mwehler2/385/ece385-lab6/lab6/sdk/mb_intro_top/export/mb_intro_top/mb_intro_top.xpfm;xilinx_vck190_base_202220_1|C:/Xilinx/Vitis/2022.2/base_platforms/xilinx_vck190_base_202220_1/xilinx_vck190_base_202220_1.xpfm;xilinx_vck190_base_dfx_202220_1|C:/Xilinx/Vitis/2022.2/base_platforms/xilinx_vck190_base_dfx_202220_1/xilinx_vck190_base_dfx_202220_1.xpfm;xilinx_vmk180_base_202220_1|C:/Xilinx/Vitis/2022.2/base_platforms/xilinx_vmk180_base_202220_1/xilinx_vmk180_base_202220_1.xpfm;xilinx_zcu102_base_202220_1|C:/Xilinx/Vitis/2022.2/base_platforms/xilinx_zcu102_base_202220_1/xilinx_zcu102_base_202220_1.xpfm;xilinx_zcu102_base_dfx_202220_1|C:/Xilinx/Vitis/2022.2/base_platforms/xilinx_zcu102_base_dfx_202220_1/xilinx_zcu102_base_dfx_202220_1.xpfm;xilinx_zcu104_base_202220_1|C:/Xilinx/Vitis/2022.2/base_platforms/xilinx_zcu104_base_202220_1/xilinx_zcu104_base_202220_1.xpfm
11:35:08 INFO  : Checking for BSP changes to sync application flags for project 'blinker'...
11:35:10 INFO  : The hardware specification used by project 'blinker' is out of sync with the platform. Resource files extracted from the hardware specification will be updated.
11:35:10 INFO  : The file 'C:\Users\Mwehler2\385\ece385-lab6\lab6\sdk\blinker\_ide\bitstream\mb_intro_top.bit' stored in project is removed.
11:35:10 INFO  : The file 'C:\Users\Mwehler2\385\ece385-lab6\lab6\sdk\blinker\_ide\bitstream\mb_intro_top.mmi' stored in project is removed.
11:35:10 INFO  : The updated bitstream files are copied from platform to folder 'C:\Users\Mwehler2\385\ece385-lab6\lab6\sdk\blinker\_ide\bitstream' in project 'blinker'.
11:35:58 INFO  : Connected to target on host '127.0.0.1' and port '3121'.
11:35:58 INFO  : Jtag cable 'RealDigital Boo 887100000001A' is selected.
11:35:58 INFO  : 'jtag frequency' command is executed.
11:35:58 INFO  : 'targets -set -filter {jtag_cable_name =~ "RealDigital Boo 887100000001A" && level==0 && jtag_device_ctx=="jsn1-0362f093-0"}' command is executed.
11:35:59 INFO  : Device configured successfully with "C:/Users/Mwehler2/385/ece385-lab6/lab6/sdk/blinker/_ide/bitstream/mb_intro_top.bit"
11:35:59 INFO  : Context for processor 'microblaze_0' is selected.
11:35:59 INFO  : Hardware design and registers information is loaded from 'C:/Users/Mwehler2/385/ece385-lab6/lab6/sdk/mb_intro_top/export/mb_intro_top/hw/mb_intro_top.xsa'.
11:35:59 INFO  : 'configparams mdm-detect-bscan-mask 2' command is executed.
11:35:59 INFO  : Context for processor 'microblaze_0' is selected.
11:35:59 INFO  : System reset is completed.
11:36:02 INFO  : 'after 3000' command is executed.
11:36:02 INFO  : Context for processor 'microblaze_0' is selected.
11:36:02 INFO  : The application 'C:/Users/Mwehler2/385/ece385-lab6/lab6/sdk/blinker/Debug/blinker.elf' is downloaded to processor 'microblaze_0'.
11:36:02 INFO  : ----------------XSDB Script----------------
connect -url tcp:127.0.0.1:3121
targets -set -filter {jtag_cable_name =~ "RealDigital Boo 887100000001A" && level==0 && jtag_device_ctx=="jsn1-0362f093-0"}
fpga -file C:/Users/Mwehler2/385/ece385-lab6/lab6/sdk/blinker/_ide/bitstream/mb_intro_top.bit
targets -set -nocase -filter {name =~ "*microblaze*#0" && bscan=="USER2" }
loadhw -hw C:/Users/Mwehler2/385/ece385-lab6/lab6/sdk/mb_intro_top/export/mb_intro_top/hw/mb_intro_top.xsa -regs
configparams mdm-detect-bscan-mask 2
targets -set -nocase -filter {name =~ "*microblaze*#0" && bscan=="USER2" }
rst -system
after 3000
targets -set -nocase -filter {name =~ "*microblaze*#0" && bscan=="USER2" }
dow C:/Users/Mwehler2/385/ece385-lab6/lab6/sdk/blinker/Debug/blinker.elf
----------------End of Script----------------

11:36:02 INFO  : Context for processor 'microblaze_0' is selected.
11:36:02 INFO  : 'con' command is executed.
11:36:02 INFO  : ----------------XSDB Script (After Launch)----------------
targets -set -nocase -filter {name =~ "*microblaze*#0" && bscan=="USER2" }
con
----------------End of Script----------------

11:36:02 INFO  : Launch script is exported to file 'C:\Users\Mwehler2\385\ece385-lab6\lab6\sdk\blinker_system\_ide\scripts\debugger_blinker-default.tcl'
11:39:16 INFO  : Disconnected from the channel tcfchan#2.
11:39:17 INFO  : Connected to target on host '127.0.0.1' and port '3121'.
11:39:18 INFO  : Jtag cable 'RealDigital Boo 887100000001A' is selected.
11:39:18 INFO  : 'jtag frequency' command is executed.
11:39:18 INFO  : 'targets -set -filter {jtag_cable_name =~ "RealDigital Boo 887100000001A" && level==0 && jtag_device_ctx=="jsn1-0362f093-0"}' command is executed.
11:39:19 INFO  : Device configured successfully with "C:/Users/Mwehler2/385/ece385-lab6/lab6/sdk/blinker/_ide/bitstream/mb_intro_top.bit"
11:39:19 INFO  : Context for processor 'microblaze_0' is selected.
11:39:19 INFO  : Hardware design and registers information is loaded from 'C:/Users/Mwehler2/385/ece385-lab6/lab6/mb_intro_top.xsa'.
11:39:19 INFO  : 'configparams mdm-detect-bscan-mask 2' command is executed.
11:39:19 INFO  : Context for processor 'microblaze_0' is selected.
11:39:19 INFO  : System reset is completed.
11:39:22 INFO  : 'after 3000' command is executed.
11:39:22 INFO  : Context for processor 'microblaze_0' is selected.
11:39:22 INFO  : The application 'C:/Users/Mwehler2/385/ece385-lab6/lab6/sdk/blinker/Debug/blinker.elf' is downloaded to processor 'microblaze_0'.
11:39:22 INFO  : ----------------XSDB Script----------------
connect -url tcp:127.0.0.1:3121
targets -set -filter {jtag_cable_name =~ "RealDigital Boo 887100000001A" && level==0 && jtag_device_ctx=="jsn1-0362f093-0"}
fpga -file C:/Users/Mwehler2/385/ece385-lab6/lab6/sdk/blinker/_ide/bitstream/mb_intro_top.bit
targets -set -nocase -filter {name =~ "*microblaze*#0" && bscan=="USER2" }
loadhw -hw C:/Users/Mwehler2/385/ece385-lab6/lab6/mb_intro_top.xsa -regs
configparams mdm-detect-bscan-mask 2
targets -set -nocase -filter {name =~ "*microblaze*#0" && bscan=="USER2" }
rst -system
after 3000
targets -set -nocase -filter {name =~ "*microblaze*#0" && bscan=="USER2" }
dow C:/Users/Mwehler2/385/ece385-lab6/lab6/sdk/blinker/Debug/blinker.elf
----------------End of Script----------------

11:39:22 INFO  : Context for processor 'microblaze_0' is selected.
11:39:22 INFO  : 'con' command is executed.
11:39:22 INFO  : ----------------XSDB Script (After Launch)----------------
targets -set -nocase -filter {name =~ "*microblaze*#0" && bscan=="USER2" }
con
----------------End of Script----------------

11:39:22 INFO  : Launch script is exported to file 'C:\Users\Mwehler2\385\ece385-lab6\lab6\sdk\blinker_system\_ide\scripts\debugger_blinker-default.tcl'
11:39:57 INFO  : Disconnected from the channel tcfchan#4.
11:39:58 INFO  : Connected to target on host '127.0.0.1' and port '3121'.
11:40:07 INFO  : ----------------XSDB Script----------------
connect -url tcp:127.0.0.1:3121
----------------End of Script----------------

11:40:07 ERROR : Could not find FPGA device on the board for connection 'Local'.


Troubleshooting hints:
1. Check whether board is connected to system properly.
2. In case of zynq board, check whether Digilent/Xilinx cable switch settings are correct.
3. If you are using Xilinx Platform Cable USB, ensure that status LED is green.
11:40:25 INFO  : Connected to target on host '127.0.0.1' and port '3121'.
11:40:35 INFO  : Connected to target on host '127.0.0.1' and port '3121'.
11:40:35 INFO  : Jtag cable 'RealDigital Boo 887100000001A' is selected.
11:40:35 INFO  : 'jtag frequency' command is executed.
11:40:35 INFO  : 'targets -set -filter {jtag_cable_name =~ "RealDigital Boo 887100000001A" && level==0 && jtag_device_ctx=="jsn1-0362f093-0"}' command is executed.
11:40:37 INFO  : Device configured successfully with "C:/Users/Mwehler2/385/ece385-lab6/lab6/sdk/blinker/_ide/bitstream/mb_intro_top.bit"
11:40:37 INFO  : Context for processor 'microblaze_0' is selected.
11:40:37 INFO  : Hardware design and registers information is loaded from 'C:/Users/Mwehler2/385/ece385-lab6/lab6/mb_intro_top.xsa'.
11:40:37 INFO  : 'configparams mdm-detect-bscan-mask 2' command is executed.
11:40:37 INFO  : Context for processor 'microblaze_0' is selected.
11:40:37 INFO  : System reset is completed.
11:40:40 INFO  : 'after 3000' command is executed.
11:40:40 INFO  : Context for processor 'microblaze_0' is selected.
11:40:40 INFO  : The application 'C:/Users/Mwehler2/385/ece385-lab6/lab6/sdk/blinker/Debug/blinker.elf' is downloaded to processor 'microblaze_0'.
11:40:40 INFO  : ----------------XSDB Script----------------
connect -url tcp:127.0.0.1:3121
targets -set -filter {jtag_cable_name =~ "RealDigital Boo 887100000001A" && level==0 && jtag_device_ctx=="jsn1-0362f093-0"}
fpga -file C:/Users/Mwehler2/385/ece385-lab6/lab6/sdk/blinker/_ide/bitstream/mb_intro_top.bit
targets -set -nocase -filter {name =~ "*microblaze*#0" && bscan=="USER2"  && jtag_cable_name =~ "RealDigital Boo 887100000001A" && jtag_device_ctx=="jsn1-0362f093-0"}
loadhw -hw C:/Users/Mwehler2/385/ece385-lab6/lab6/mb_intro_top.xsa -regs
configparams mdm-detect-bscan-mask 2
targets -set -nocase -filter {name =~ "*microblaze*#0" && bscan=="USER2"  && jtag_cable_name =~ "RealDigital Boo 887100000001A" && jtag_device_ctx=="jsn1-0362f093-0"}
rst -system
after 3000
targets -set -nocase -filter {name =~ "*microblaze*#0" && bscan=="USER2"  && jtag_cable_name =~ "RealDigital Boo 887100000001A" && jtag_device_ctx=="jsn1-0362f093-0"}
dow C:/Users/Mwehler2/385/ece385-lab6/lab6/sdk/blinker/Debug/blinker.elf
----------------End of Script----------------

11:40:40 INFO  : Context for processor 'microblaze_0' is selected.
11:40:40 INFO  : 'con' command is executed.
11:40:40 INFO  : ----------------XSDB Script (After Launch)----------------
targets -set -nocase -filter {name =~ "*microblaze*#0" && bscan=="USER2"  && jtag_cable_name =~ "RealDigital Boo 887100000001A" && jtag_device_ctx=="jsn1-0362f093-0"}
con
----------------End of Script----------------

11:40:40 INFO  : Launch script is exported to file 'C:\Users\Mwehler2\385\ece385-lab6\lab6\sdk\blinker_system\_ide\scripts\debugger_blinker-default.tcl'
11:45:28 INFO  : Result from executing command 'removePlatformRepo': 
11:45:39 INFO  : Result from executing command 'getProjects': mb_intro_top
11:45:39 INFO  : Result from executing command 'getPlatforms': xilinx_vck190_base_202220_1|C:/Xilinx/Vitis/2022.2/base_platforms/xilinx_vck190_base_202220_1/xilinx_vck190_base_202220_1.xpfm;xilinx_vck190_base_dfx_202220_1|C:/Xilinx/Vitis/2022.2/base_platforms/xilinx_vck190_base_dfx_202220_1/xilinx_vck190_base_dfx_202220_1.xpfm;xilinx_vmk180_base_202220_1|C:/Xilinx/Vitis/2022.2/base_platforms/xilinx_vmk180_base_202220_1/xilinx_vmk180_base_202220_1.xpfm;xilinx_zcu102_base_202220_1|C:/Xilinx/Vitis/2022.2/base_platforms/xilinx_zcu102_base_202220_1/xilinx_zcu102_base_202220_1.xpfm;xilinx_zcu102_base_dfx_202220_1|C:/Xilinx/Vitis/2022.2/base_platforms/xilinx_zcu102_base_dfx_202220_1/xilinx_zcu102_base_dfx_202220_1.xpfm;xilinx_zcu104_base_202220_1|C:/Xilinx/Vitis/2022.2/base_platforms/xilinx_zcu104_base_202220_1/xilinx_zcu104_base_202220_1.xpfm
11:45:40 INFO  : Checking for BSP changes to sync application flags for project 'blinker'...
11:45:56 INFO  : Disconnected from the channel tcfchan#5.
11:45:57 INFO  : Connected to target on host '127.0.0.1' and port '3121'.
11:45:57 INFO  : Jtag cable 'RealDigital Boo 887100000001A' is selected.
11:45:57 ERROR : port closed
11:45:57 INFO  : ----------------XSDB Script----------------
connect -url tcp:127.0.0.1:3121
----------------End of Script----------------

11:45:57 ERROR : port closed
11:46:01 INFO  : Connected to target on host '127.0.0.1' and port '3121'.
11:46:01 INFO  : Jtag cable 'RealDigital Boo 887100000001A' is selected.
11:46:01 INFO  : 'jtag frequency' command is executed.
11:46:01 INFO  : 'targets -set -filter {jtag_cable_name =~ "RealDigital Boo 887100000001A" && level==0 && jtag_device_ctx=="jsn1-0362f093-0"}' command is executed.
11:46:02 INFO  : Device configured successfully with "C:/Users/Mwehler2/385/ece385-lab6/lab6/sdk/blinker/_ide/bitstream/mb_intro_top.bit"
11:46:02 INFO  : Context for processor 'microblaze_0' is selected.
11:46:02 INFO  : Hardware design and registers information is loaded from 'C:/Users/Mwehler2/385/ece385-lab6/lab6/mb_intro_top.xsa'.
11:46:02 INFO  : 'configparams mdm-detect-bscan-mask 2' command is executed.
11:46:02 INFO  : Context for processor 'microblaze_0' is selected.
11:46:02 INFO  : System reset is completed.
11:46:05 INFO  : 'after 3000' command is executed.
11:46:05 INFO  : Context for processor 'microblaze_0' is selected.
11:46:05 INFO  : The application 'C:/Users/Mwehler2/385/ece385-lab6/lab6/sdk/blinker/Debug/blinker.elf' is downloaded to processor 'microblaze_0'.
11:46:05 INFO  : ----------------XSDB Script----------------
connect -url tcp:127.0.0.1:3121
targets -set -filter {jtag_cable_name =~ "RealDigital Boo 887100000001A" && level==0 && jtag_device_ctx=="jsn1-0362f093-0"}
fpga -file C:/Users/Mwehler2/385/ece385-lab6/lab6/sdk/blinker/_ide/bitstream/mb_intro_top.bit
targets -set -nocase -filter {name =~ "*microblaze*#0" && bscan=="USER2"  && jtag_cable_name =~ "RealDigital Boo 887100000001A" && jtag_device_ctx=="jsn1-0362f093-0"}
loadhw -hw C:/Users/Mwehler2/385/ece385-lab6/lab6/mb_intro_top.xsa -regs
configparams mdm-detect-bscan-mask 2
targets -set -nocase -filter {name =~ "*microblaze*#0" && bscan=="USER2"  && jtag_cable_name =~ "RealDigital Boo 887100000001A" && jtag_device_ctx=="jsn1-0362f093-0"}
rst -system
after 3000
targets -set -nocase -filter {name =~ "*microblaze*#0" && bscan=="USER2"  && jtag_cable_name =~ "RealDigital Boo 887100000001A" && jtag_device_ctx=="jsn1-0362f093-0"}
dow C:/Users/Mwehler2/385/ece385-lab6/lab6/sdk/blinker/Debug/blinker.elf
----------------End of Script----------------

11:46:05 INFO  : Context for processor 'microblaze_0' is selected.
11:46:05 INFO  : 'con' command is executed.
11:46:05 INFO  : ----------------XSDB Script (After Launch)----------------
targets -set -nocase -filter {name =~ "*microblaze*#0" && bscan=="USER2"  && jtag_cable_name =~ "RealDigital Boo 887100000001A" && jtag_device_ctx=="jsn1-0362f093-0"}
con
----------------End of Script----------------

11:46:05 INFO  : Launch script is exported to file 'C:\Users\Mwehler2\385\ece385-lab6\lab6\sdk\blinker_system\_ide\scripts\debugger_blinker-default.tcl'
11:51:15 INFO  : Result from executing command 'removePlatformRepo': 
11:51:27 INFO  : Result from executing command 'getProjects': mb_intro_top
11:51:27 INFO  : Result from executing command 'getPlatforms': xilinx_vck190_base_202220_1|C:/Xilinx/Vitis/2022.2/base_platforms/xilinx_vck190_base_202220_1/xilinx_vck190_base_202220_1.xpfm;xilinx_vck190_base_dfx_202220_1|C:/Xilinx/Vitis/2022.2/base_platforms/xilinx_vck190_base_dfx_202220_1/xilinx_vck190_base_dfx_202220_1.xpfm;xilinx_vmk180_base_202220_1|C:/Xilinx/Vitis/2022.2/base_platforms/xilinx_vmk180_base_202220_1/xilinx_vmk180_base_202220_1.xpfm;xilinx_zcu102_base_202220_1|C:/Xilinx/Vitis/2022.2/base_platforms/xilinx_zcu102_base_202220_1/xilinx_zcu102_base_202220_1.xpfm;xilinx_zcu102_base_dfx_202220_1|C:/Xilinx/Vitis/2022.2/base_platforms/xilinx_zcu102_base_dfx_202220_1/xilinx_zcu102_base_dfx_202220_1.xpfm;xilinx_zcu104_base_202220_1|C:/Xilinx/Vitis/2022.2/base_platforms/xilinx_zcu104_base_202220_1/xilinx_zcu104_base_202220_1.xpfm
11:51:28 INFO  : Checking for BSP changes to sync application flags for project 'blinker'...
11:52:04 INFO  : Disconnected from the channel tcfchan#8.
11:52:05 INFO  : Connected to target on host '127.0.0.1' and port '3121'.
11:52:05 INFO  : Jtag cable 'RealDigital Boo 887100000001A' is selected.
11:52:05 ERROR : port closed
11:52:05 INFO  : ----------------XSDB Script----------------
connect -url tcp:127.0.0.1:3121
----------------End of Script----------------

11:52:05 ERROR : port closed
11:52:11 INFO  : Connected to target on host '127.0.0.1' and port '3121'.
11:52:11 INFO  : Jtag cable 'RealDigital Boo 887100000001A' is selected.
11:52:11 INFO  : 'jtag frequency' command is executed.
11:52:11 INFO  : 'targets -set -filter {jtag_cable_name =~ "RealDigital Boo 887100000001A" && level==0 && jtag_device_ctx=="jsn1-0362f093-0"}' command is executed.
11:52:12 INFO  : Device configured successfully with "C:/Users/Mwehler2/385/ece385-lab6/lab6/sdk/blinker/_ide/bitstream/mb_intro_top.bit"
11:52:12 INFO  : Context for processor 'microblaze_0' is selected.
11:52:12 INFO  : Hardware design and registers information is loaded from 'C:/Users/Mwehler2/385/ece385-lab6/lab6/mb_intro_top.xsa'.
11:52:12 INFO  : 'configparams mdm-detect-bscan-mask 2' command is executed.
11:52:12 INFO  : Context for processor 'microblaze_0' is selected.
11:52:12 INFO  : System reset is completed.
11:52:15 INFO  : 'after 3000' command is executed.
11:52:15 INFO  : Context for processor 'microblaze_0' is selected.
11:52:15 INFO  : The application 'C:/Users/Mwehler2/385/ece385-lab6/lab6/sdk/blinker/Debug/blinker.elf' is downloaded to processor 'microblaze_0'.
11:52:15 INFO  : ----------------XSDB Script----------------
connect -url tcp:127.0.0.1:3121
targets -set -filter {jtag_cable_name =~ "RealDigital Boo 887100000001A" && level==0 && jtag_device_ctx=="jsn1-0362f093-0"}
fpga -file C:/Users/Mwehler2/385/ece385-lab6/lab6/sdk/blinker/_ide/bitstream/mb_intro_top.bit
targets -set -nocase -filter {name =~ "*microblaze*#0" && bscan=="USER2"  && jtag_cable_name =~ "RealDigital Boo 887100000001A" && jtag_device_ctx=="jsn1-0362f093-0"}
loadhw -hw C:/Users/Mwehler2/385/ece385-lab6/lab6/mb_intro_top.xsa -regs
configparams mdm-detect-bscan-mask 2
targets -set -nocase -filter {name =~ "*microblaze*#0" && bscan=="USER2"  && jtag_cable_name =~ "RealDigital Boo 887100000001A" && jtag_device_ctx=="jsn1-0362f093-0"}
rst -system
after 3000
targets -set -nocase -filter {name =~ "*microblaze*#0" && bscan=="USER2"  && jtag_cable_name =~ "RealDigital Boo 887100000001A" && jtag_device_ctx=="jsn1-0362f093-0"}
dow C:/Users/Mwehler2/385/ece385-lab6/lab6/sdk/blinker/Debug/blinker.elf
----------------End of Script----------------

11:52:15 INFO  : Context for processor 'microblaze_0' is selected.
11:52:15 INFO  : 'con' command is executed.
11:52:15 INFO  : ----------------XSDB Script (After Launch)----------------
targets -set -nocase -filter {name =~ "*microblaze*#0" && bscan=="USER2"  && jtag_cable_name =~ "RealDigital Boo 887100000001A" && jtag_device_ctx=="jsn1-0362f093-0"}
con
----------------End of Script----------------

11:52:15 INFO  : Launch script is exported to file 'C:\Users\Mwehler2\385\ece385-lab6\lab6\sdk\blinker_system\_ide\scripts\debugger_blinker-default.tcl'
11:55:29 INFO  : Disconnected from the channel tcfchan#11.
11:55:44 DEBUG : Logs will be stored at 'C:/Users/Mwehler2/385/ece385-lab6/lab6/sdk/IDE.log'.
11:55:45 INFO  : Launching XSCT server: xsct.bat -n  -interactive C:\Users\Mwehler2\385\ece385-lab6\lab6\sdk\temp_xsdb_launch_script.tcl
11:55:48 INFO  : XSCT server has started successfully.
11:55:48 INFO  : plnx-install-location is set to ''
11:55:48 INFO  : Successfully done setting XSCT server connection channel  
11:55:48 INFO  : Successfully done setting workspace for the tool. 
11:55:48 INFO  : Registering command handlers for Vitis TCF services
11:55:48 INFO  : Successfully done query RDI_DATADIR 
11:55:49 INFO  : Platform repository initialization has completed.
11:57:28 INFO  : Connected to target on host '127.0.0.1' and port '3121'.
11:57:29 INFO  : Jtag cable 'RealDigital Boo 887100000001A' is selected.
11:57:29 INFO  : 'jtag frequency' command is executed.
11:57:29 INFO  : 'targets -set -filter {jtag_cable_name =~ "RealDigital Boo 887100000001A" && level==0 && jtag_device_ctx=="jsn1-0362f093-0"}' command is executed.
11:57:30 INFO  : Device configured successfully with "C:/Users/Mwehler2/385/ece385-lab6/lab6/sdk/blinker/_ide/bitstream/mb_intro_top.bit"
11:57:30 INFO  : Context for processor 'microblaze_0' is selected.
11:57:30 INFO  : Hardware design and registers information is loaded from 'C:/Users/Mwehler2/385/ece385-lab6/lab6/mb_intro_top.xsa'.
11:57:30 INFO  : 'configparams mdm-detect-bscan-mask 2' command is executed.
11:57:30 INFO  : Context for processor 'microblaze_0' is selected.
11:57:30 INFO  : System reset is completed.
11:57:33 INFO  : 'after 3000' command is executed.
11:57:33 INFO  : Context for processor 'microblaze_0' is selected.
11:57:33 INFO  : The application 'C:/Users/Mwehler2/385/ece385-lab6/lab6/sdk/blinker/Debug/blinker.elf' is downloaded to processor 'microblaze_0'.
11:57:33 INFO  : ----------------XSDB Script----------------
connect -url tcp:127.0.0.1:3121
targets -set -filter {jtag_cable_name =~ "RealDigital Boo 887100000001A" && level==0 && jtag_device_ctx=="jsn1-0362f093-0"}
fpga -file C:/Users/Mwehler2/385/ece385-lab6/lab6/sdk/blinker/_ide/bitstream/mb_intro_top.bit
targets -set -nocase -filter {name =~ "*microblaze*#0" && bscan=="USER2"  && jtag_cable_name =~ "RealDigital Boo 887100000001A" && jtag_device_ctx=="jsn1-0362f093-0"}
loadhw -hw C:/Users/Mwehler2/385/ece385-lab6/lab6/mb_intro_top.xsa -regs
configparams mdm-detect-bscan-mask 2
targets -set -nocase -filter {name =~ "*microblaze*#0" && bscan=="USER2"  && jtag_cable_name =~ "RealDigital Boo 887100000001A" && jtag_device_ctx=="jsn1-0362f093-0"}
rst -system
after 3000
targets -set -nocase -filter {name =~ "*microblaze*#0" && bscan=="USER2"  && jtag_cable_name =~ "RealDigital Boo 887100000001A" && jtag_device_ctx=="jsn1-0362f093-0"}
dow C:/Users/Mwehler2/385/ece385-lab6/lab6/sdk/blinker/Debug/blinker.elf
----------------End of Script----------------

11:57:33 INFO  : Context for processor 'microblaze_0' is selected.
11:57:33 INFO  : 'con' command is executed.
11:57:33 INFO  : ----------------XSDB Script (After Launch)----------------
targets -set -nocase -filter {name =~ "*microblaze*#0" && bscan=="USER2"  && jtag_cable_name =~ "RealDigital Boo 887100000001A" && jtag_device_ctx=="jsn1-0362f093-0"}
con
----------------End of Script----------------

11:57:33 INFO  : Launch script is exported to file 'C:\Users\Mwehler2\385\ece385-lab6\lab6\sdk\blinker_system\_ide\scripts\debugger_blinker-default.tcl'
11:58:06 INFO  : Disconnected from the channel tcfchan#1.
11:58:07 INFO  : Connected to target on host '127.0.0.1' and port '3121'.
11:58:07 INFO  : Jtag cable 'RealDigital Boo 887100000001A' is selected.
11:58:07 ERROR : port closed
11:58:07 INFO  : ----------------XSDB Script----------------
connect -url tcp:127.0.0.1:3121
----------------End of Script----------------

11:58:07 ERROR : port closed
11:58:11 INFO  : Connected to target on host '127.0.0.1' and port '3121'.
11:58:11 INFO  : Jtag cable 'RealDigital Boo 887100000001A' is selected.
11:58:11 INFO  : 'jtag frequency' command is executed.
11:58:11 INFO  : 'targets -set -filter {jtag_cable_name =~ "RealDigital Boo 887100000001A" && level==0 && jtag_device_ctx=="jsn1-0362f093-0"}' command is executed.
11:58:12 INFO  : Device configured successfully with "C:/Users/Mwehler2/385/ece385-lab6/lab6/sdk/blinker/_ide/bitstream/mb_intro_top.bit"
11:58:13 INFO  : Context for processor 'microblaze_0' is selected.
11:58:13 INFO  : Hardware design and registers information is loaded from 'C:/Users/Mwehler2/385/ece385-lab6/lab6/mb_intro_top.xsa'.
11:58:13 INFO  : 'configparams mdm-detect-bscan-mask 2' command is executed.
11:58:13 INFO  : Context for processor 'microblaze_0' is selected.
11:58:13 INFO  : System reset is completed.
11:58:16 INFO  : 'after 3000' command is executed.
11:58:16 INFO  : Context for processor 'microblaze_0' is selected.
11:58:16 INFO  : The application 'C:/Users/Mwehler2/385/ece385-lab6/lab6/sdk/blinker/Debug/blinker.elf' is downloaded to processor 'microblaze_0'.
11:58:16 INFO  : ----------------XSDB Script----------------
connect -url tcp:127.0.0.1:3121
targets -set -filter {jtag_cable_name =~ "RealDigital Boo 887100000001A" && level==0 && jtag_device_ctx=="jsn1-0362f093-0"}
fpga -file C:/Users/Mwehler2/385/ece385-lab6/lab6/sdk/blinker/_ide/bitstream/mb_intro_top.bit
targets -set -nocase -filter {name =~ "*microblaze*#0" && bscan=="USER2"  && jtag_cable_name =~ "RealDigital Boo 887100000001A" && jtag_device_ctx=="jsn1-0362f093-0"}
loadhw -hw C:/Users/Mwehler2/385/ece385-lab6/lab6/mb_intro_top.xsa -regs
configparams mdm-detect-bscan-mask 2
targets -set -nocase -filter {name =~ "*microblaze*#0" && bscan=="USER2"  && jtag_cable_name =~ "RealDigital Boo 887100000001A" && jtag_device_ctx=="jsn1-0362f093-0"}
rst -system
after 3000
targets -set -nocase -filter {name =~ "*microblaze*#0" && bscan=="USER2"  && jtag_cable_name =~ "RealDigital Boo 887100000001A" && jtag_device_ctx=="jsn1-0362f093-0"}
dow C:/Users/Mwehler2/385/ece385-lab6/lab6/sdk/blinker/Debug/blinker.elf
----------------End of Script----------------

11:58:16 INFO  : Context for processor 'microblaze_0' is selected.
11:58:16 INFO  : 'con' command is executed.
11:58:16 INFO  : ----------------XSDB Script (After Launch)----------------
targets -set -nocase -filter {name =~ "*microblaze*#0" && bscan=="USER2"  && jtag_cable_name =~ "RealDigital Boo 887100000001A" && jtag_device_ctx=="jsn1-0362f093-0"}
con
----------------End of Script----------------

11:58:16 INFO  : Launch script is exported to file 'C:\Users\Mwehler2\385\ece385-lab6\lab6\sdk\blinker_system\_ide\scripts\debugger_blinker-default.tcl'
12:19:44 INFO  : Disconnected from the channel tcfchan#2.
12:19:45 INFO  : Connected to target on host '127.0.0.1' and port '3121'.
12:19:45 INFO  : Jtag cable 'RealDigital Boo 887100000001A' is selected.
12:19:45 INFO  : 'jtag frequency' command is executed.
12:19:45 INFO  : 'targets -set -filter {jtag_cable_name =~ "RealDigital Boo 887100000001A" && level==0 && jtag_device_ctx=="jsn1-0362f093-0"}' command is executed.
12:19:46 INFO  : Device configured successfully with "C:/Users/Mwehler2/385/ece385-lab6/lab6/sdk/blinker/_ide/bitstream/mb_intro_top.bit"
12:19:46 INFO  : Context for processor 'microblaze_0' is selected.
12:19:46 INFO  : Hardware design and registers information is loaded from 'C:/Users/Mwehler2/385/ece385-lab6/lab6/mb_intro_top.xsa'.
12:19:46 INFO  : 'configparams mdm-detect-bscan-mask 2' command is executed.
12:19:46 INFO  : Context for processor 'microblaze_0' is selected.
12:19:46 INFO  : System reset is completed.
12:19:49 INFO  : 'after 3000' command is executed.
12:19:49 INFO  : Context for processor 'microblaze_0' is selected.
12:19:49 INFO  : The application 'C:/Users/Mwehler2/385/ece385-lab6/lab6/sdk/blinker/Debug/blinker.elf' is downloaded to processor 'microblaze_0'.
12:19:49 INFO  : ----------------XSDB Script----------------
connect -url tcp:127.0.0.1:3121
targets -set -filter {jtag_cable_name =~ "RealDigital Boo 887100000001A" && level==0 && jtag_device_ctx=="jsn1-0362f093-0"}
fpga -file C:/Users/Mwehler2/385/ece385-lab6/lab6/sdk/blinker/_ide/bitstream/mb_intro_top.bit
targets -set -nocase -filter {name =~ "*microblaze*#0" && bscan=="USER2"  && jtag_cable_name =~ "RealDigital Boo 887100000001A" && jtag_device_ctx=="jsn1-0362f093-0"}
loadhw -hw C:/Users/Mwehler2/385/ece385-lab6/lab6/mb_intro_top.xsa -regs
configparams mdm-detect-bscan-mask 2
targets -set -nocase -filter {name =~ "*microblaze*#0" && bscan=="USER2"  && jtag_cable_name =~ "RealDigital Boo 887100000001A" && jtag_device_ctx=="jsn1-0362f093-0"}
rst -system
after 3000
targets -set -nocase -filter {name =~ "*microblaze*#0" && bscan=="USER2"  && jtag_cable_name =~ "RealDigital Boo 887100000001A" && jtag_device_ctx=="jsn1-0362f093-0"}
dow C:/Users/Mwehler2/385/ece385-lab6/lab6/sdk/blinker/Debug/blinker.elf
----------------End of Script----------------

12:19:49 INFO  : Context for processor 'microblaze_0' is selected.
12:19:49 INFO  : 'con' command is executed.
12:19:49 INFO  : ----------------XSDB Script (After Launch)----------------
targets -set -nocase -filter {name =~ "*microblaze*#0" && bscan=="USER2"  && jtag_cable_name =~ "RealDigital Boo 887100000001A" && jtag_device_ctx=="jsn1-0362f093-0"}
con
----------------End of Script----------------

12:19:49 INFO  : Launch script is exported to file 'C:\Users\Mwehler2\385\ece385-lab6\lab6\sdk\blinker_system\_ide\scripts\debugger_blinker-default.tcl'
13:44:52 INFO  : Checking for BSP changes to sync application flags for project 'blinker'...
13:45:04 INFO  : Checking for BSP changes to sync application flags for project 'blinker'...
13:46:22 INFO  : Result from executing command 'removePlatformRepo': 
13:51:39 INFO  : Result from executing command 'getProjects': mb_intro_top
13:51:39 INFO  : Result from executing command 'getPlatforms': xilinx_vck190_base_202220_1|C:/Xilinx/Vitis/2022.2/base_platforms/xilinx_vck190_base_202220_1/xilinx_vck190_base_202220_1.xpfm;xilinx_vck190_base_dfx_202220_1|C:/Xilinx/Vitis/2022.2/base_platforms/xilinx_vck190_base_dfx_202220_1/xilinx_vck190_base_dfx_202220_1.xpfm;xilinx_vmk180_base_202220_1|C:/Xilinx/Vitis/2022.2/base_platforms/xilinx_vmk180_base_202220_1/xilinx_vmk180_base_202220_1.xpfm;xilinx_zcu102_base_202220_1|C:/Xilinx/Vitis/2022.2/base_platforms/xilinx_zcu102_base_202220_1/xilinx_zcu102_base_202220_1.xpfm;xilinx_zcu102_base_dfx_202220_1|C:/Xilinx/Vitis/2022.2/base_platforms/xilinx_zcu102_base_dfx_202220_1/xilinx_zcu102_base_dfx_202220_1.xpfm;xilinx_zcu104_base_202220_1|C:/Xilinx/Vitis/2022.2/base_platforms/xilinx_zcu104_base_202220_1/xilinx_zcu104_base_202220_1.xpfm
13:51:40 INFO  : Checking for BSP changes to sync application flags for project 'blinker'...
13:53:21 INFO  : Checking for BSP changes to sync application flags for project 'blinker'...
13:53:54 INFO  : Checking for BSP changes to sync application flags for project 'blinker'...
13:54:19 INFO  : Hardware specification for platform project 'mb_intro_top' is updated.
13:54:29 INFO  : Result from executing command 'removePlatformRepo': 
13:54:42 INFO  : Result from executing command 'getProjects': mb_intro_top
13:54:42 INFO  : Result from executing command 'getPlatforms': xilinx_vck190_base_202220_1|C:/Xilinx/Vitis/2022.2/base_platforms/xilinx_vck190_base_202220_1/xilinx_vck190_base_202220_1.xpfm;xilinx_vck190_base_dfx_202220_1|C:/Xilinx/Vitis/2022.2/base_platforms/xilinx_vck190_base_dfx_202220_1/xilinx_vck190_base_dfx_202220_1.xpfm;xilinx_vmk180_base_202220_1|C:/Xilinx/Vitis/2022.2/base_platforms/xilinx_vmk180_base_202220_1/xilinx_vmk180_base_202220_1.xpfm;xilinx_zcu102_base_202220_1|C:/Xilinx/Vitis/2022.2/base_platforms/xilinx_zcu102_base_202220_1/xilinx_zcu102_base_202220_1.xpfm;xilinx_zcu102_base_dfx_202220_1|C:/Xilinx/Vitis/2022.2/base_platforms/xilinx_zcu102_base_dfx_202220_1/xilinx_zcu102_base_dfx_202220_1.xpfm;xilinx_zcu104_base_202220_1|C:/Xilinx/Vitis/2022.2/base_platforms/xilinx_zcu104_base_202220_1/xilinx_zcu104_base_202220_1.xpfm
13:54:43 INFO  : Checking for BSP changes to sync application flags for project 'blinker'...
13:54:43 INFO  : Updating application flags with new BSP settings...
13:54:43 INFO  : Successfully updated application flags for project blinker.
13:54:45 INFO  : The hardware specification used by project 'blinker' is out of sync with the platform. Resource files extracted from the hardware specification will be updated.
13:54:45 INFO  : The file 'C:\Users\Mwehler2\385\ece385-lab6\lab6\sdk\blinker\_ide\bitstream\mb_intro_top.bit' stored in project is removed.
13:54:45 INFO  : The file 'C:\Users\Mwehler2\385\ece385-lab6\lab6\sdk\blinker\_ide\bitstream\mb_intro_top.mmi' stored in project is removed.
13:54:45 INFO  : The updated bitstream files are copied from platform to folder 'C:\Users\Mwehler2\385\ece385-lab6\lab6\sdk\blinker\_ide\bitstream' in project 'blinker'.
